<?xml version="1.0" encoding="UTF-8"?>
<testng-results ignored="0" total="5" passed="5" failed="0" skipped="0">
  <reporter-output>
  </reporter-output>
  <suite started-at="2023-04-11T16:19:15 IST" name="Default suite" finished-at="2023-04-11T16:21:25 IST" duration-ms="129861">
    <groups>
    </groups>
    <test started-at="2023-04-11T16:19:15 IST" name="Default test" finished-at="2023-04-11T16:21:25 IST" duration-ms="129861">
      <class name="testcase.Tc">
        <test-method is-config="true" signature="beforeMethod()[pri:0, instance:testcase.Tc@59fd97a8]" started-at="2023-04-11T16:19:15 IST" name="beforeMethod" finished-at="2023-04-11T16:19:37 IST" duration-ms="21886" status="PASS">
          <reporter-output>
          </reporter-output>
        </test-method> <!-- beforeMethod -->
        <test-method signature="verifyUrl()[pri:0, instance:testcase.Tc@59fd97a8]" started-at="2023-04-11T16:19:37 IST" name="verifyUrl" finished-at="2023-04-11T16:19:48 IST" duration-ms="10916" status="PASS">
          <reporter-output>
          </reporter-output>
        </test-method> <!-- verifyUrl -->
        <test-method is-config="true" signature="afterMethod()[pri:0, instance:testcase.Tc@59fd97a8]" started-at="2023-04-11T16:19:48 IST" name="afterMethod" finished-at="2023-04-11T16:19:49 IST" duration-ms="1455" status="PASS">
          <reporter-output>
          </reporter-output>
        </test-method> <!-- afterMethod -->
        <test-method is-config="true" signature="beforeMethod()[pri:0, instance:testcase.Tc@59fd97a8]" started-at="2023-04-11T16:19:49 IST" name="beforeMethod" finished-at="2023-04-11T16:20:10 IST" duration-ms="20476" status="PASS">
          <reporter-output>
          </reporter-output>
        </test-method> <!-- beforeMethod -->
        <test-method signature="verifyLoginWithValidCredential()[pri:1, instance:testcase.Tc@59fd97a8]" started-at="2023-04-11T16:20:10 IST" name="verifyLoginWithValidCredential" finished-at="2023-04-11T16:20:22 IST" duration-ms="12056" status="PASS">
          <reporter-output>
          </reporter-output>
        </test-method> <!-- verifyLoginWithValidCredential -->
        <test-method is-config="true" signature="afterMethod()[pri:0, instance:testcase.Tc@59fd97a8]" started-at="2023-04-11T16:20:22 IST" name="afterMethod" finished-at="2023-04-11T16:20:23 IST" duration-ms="1292" status="PASS">
          <reporter-output>
          </reporter-output>
        </test-method> <!-- afterMethod -->
        <test-method is-config="true" signature="beforeMethod()[pri:0, instance:testcase.Tc@59fd97a8]" started-at="2023-04-11T16:20:23 IST" name="beforeMethod" finished-at="2023-04-11T16:20:39 IST" duration-ms="16429" status="PASS">
          <reporter-output>
          </reporter-output>
        </test-method> <!-- beforeMethod -->
        <test-method signature="verifyScrollDown()[pri:2, instance:testcase.Tc@59fd97a8]" started-at="2023-04-11T16:20:39 IST" name="verifyScrollDown" finished-at="2023-04-11T16:20:44 IST" duration-ms="4398" status="PASS">
          <reporter-output>
          </reporter-output>
        </test-method> <!-- verifyScrollDown -->
        <test-method is-config="true" signature="afterMethod()[pri:0, instance:testcase.Tc@59fd97a8]" started-at="2023-04-11T16:20:44 IST" name="afterMethod" finished-at="2023-04-11T16:20:45 IST" duration-ms="1204" status="PASS">
          <reporter-output>
          </reporter-output>
        </test-method> <!-- afterMethod -->
        <test-method is-config="true" signature="beforeMethod()[pri:0, instance:testcase.Tc@59fd97a8]" started-at="2023-04-11T16:20:45 IST" name="beforeMethod" finished-at="2023-04-11T16:21:01 IST" duration-ms="16158" status="PASS">
          <reporter-output>
          </reporter-output>
        </test-method> <!-- beforeMethod -->
        <test-method signature="verifyGetWindowHandle()[pri:3, instance:testcase.Tc@59fd97a8]" started-at="2023-04-11T16:21:01 IST" name="verifyGetWindowHandle" finished-at="2023-04-11T16:21:06 IST" duration-ms="4634" status="PASS">
          <reporter-output>
          </reporter-output>
        </test-method> <!-- verifyGetWindowHandle -->
        <test-method is-config="true" signature="afterMethod()[pri:0, instance:testcase.Tc@59fd97a8]" started-at="2023-04-11T16:21:06 IST" name="afterMethod" finished-at="2023-04-11T16:21:07 IST" duration-ms="1270" status="PASS">
          <reporter-output>
          </reporter-output>
        </test-method> <!-- afterMethod -->
        <test-method is-config="true" signature="beforeMethod()[pri:0, instance:testcase.Tc@59fd97a8]" started-at="2023-04-11T16:21:07 IST" name="beforeMethod" finished-at="2023-04-11T16:21:24 IST" duration-ms="16551" status="PASS">
          <reporter-output>
          </reporter-output>
        </test-method> <!-- beforeMethod -->
        <test-method signature="verifyCookiesHandle()[pri:4, instance:testcase.Tc@59fd97a8]" started-at="2023-04-11T16:21:24 IST" name="verifyCookiesHandle" finished-at="2023-04-11T16:21:24 IST" duration-ms="27" status="PASS">
          <reporter-output>
          </reporter-output>
        </test-method> <!-- verifyCookiesHandle -->
        <test-method is-config="true" signature="afterMethod()[pri:0, instance:testcase.Tc@59fd97a8]" started-at="2023-04-11T16:21:24 IST" name="afterMethod" finished-at="2023-04-11T16:21:25 IST" duration-ms="907" status="PASS">
          <reporter-output>
          </reporter-output>
        </test-method> <!-- afterMethod -->
      </class> <!-- testcase.Tc -->
    </test> <!-- Default test -->
  </suite> <!-- Default suite -->
</testng-results>
