<?xml version="1.0" encoding="UTF-8"?>
<!-- Generated by org.testng.reporters.JUnitXMLReporter -->
<testsuite ignored="0" hostname="DESKTOP-FUGQNF4" failures="0" tests="5" name="Default test" time="129.861" errors="0" timestamp="2023-04-11T16:21:25 IST">
  <testcase classname="testcase.Tc" name="verifyUrl" time="10.916"/>
  <testcase classname="testcase.Tc" name="verifyLoginWithValidCredential" time="12.056"/>
  <testcase classname="testcase.Tc" name="verifyScrollDown" time="4.398"/>
  <testcase classname="testcase.Tc" name="verifyGetWindowHandle" time="4.634"/>
  <testcase classname="testcase.Tc" name="verifyCookiesHandle" time="0.027"/>
</testsuite> <!-- Default test -->
